<?xml version="1.0" encoding="UTF-8"?>
<!-- Generated by org.testng.reporters.JUnitReportReporter -->
<testsuite hostname="LAPTOP-HAB2I6H9" failures="0" tests="3" name="com.actitime.testscript.TaskModule" time="0.016" errors="0" timestamp="2023-02-01T15:04:06 IST" skipped="0">
  <testcase classname="com.actitime.testscript.TaskModule" name="modifyTask" time="0.001"/>
  <system-out>
    <![CDATA[modifyTask]]>
  </system-out>
  <testcase classname="com.actitime.testscript.TaskModule" name="deleteTask" time="0.002"/>
  <system-out>
    <![CDATA[deleteTask]]>
  </system-out>
  <testcase classname="com.actitime.testscript.TaskModule" name="createTask" time="0.013"/>
  <system-out>
    <![CDATA[createTask]]>
  </system-out>
</testsuite> <!-- com.actitime.testscript.TaskModule -->
