<?xml version="1.0" encoding="UTF-8"?>
<!-- Generated by org.testng.reporters.JUnitReportReporter -->
<testsuite hostname="LAPTOP-HAB2I6H9" failures="0" tests="1" name="com.actitime.testscript.MainMethodPom" time="9.851" errors="0" timestamp="2023-02-04T10:42:46 IST" skipped="0">
  <testcase classname="com.actitime.testscript.MainMethodPom" name="validLogin" time="9.851"/>
  <system-out/>
</testsuite> <!-- com.actitime.testscript.MainMethodPom -->
