<?xml version="1.0" encoding="UTF-8"?>
<!-- Generated by org.testng.reporters.JUnitReportReporter -->
<testsuite hostname="LAPTOP-HAB2I6H9" failures="0" tests="1" name="com.actitime.testscript.DemoTestNG" time="0.002" errors="0" timestamp="2023-01-31T15:52:53 IST" skipped="0">
  <testcase classname="com.actitime.testscript.DemoTestNG" name="testDemo" time="0.002"/>
  <system-out>
    <![CDATA[Welcome to TestNG]]>
  </system-out>
</testsuite> <!-- com.actitime.testscript.DemoTestNG -->
