<?xml version="1.0" encoding="UTF-8"?>
<!-- Generated by org.testng.reporters.JUnitReportReporter -->
<testsuite hostname="LAPTOP-HAB2I6H9" failures="0" tests="2" name="com.actitime.testscript.CustomerModuleAmmot" time="0.006" errors="0" timestamp="2023-01-31T15:52:53 IST" skipped="0">
  <testcase classname="com.actitime.testscript.CustomerModuleAmmot" name="createCustomer" time="0.002"/>
  <system-out>
    <![CDATA[createCustomer]]>
  </system-out>
  <testcase classname="com.actitime.testscript.CustomerModuleAmmot" name="deleteCustomer" time="0.004"/>
  <system-out>
    <![CDATA[deleteCustomer]]>
  </system-out>
</testsuite> <!-- com.actitime.testscript.CustomerModuleAmmot -->
