<?xml version="1.0" encoding="UTF-8"?>
<!-- Generated by org.testng.reporters.JUnitReportReporter -->
<testsuite hostname="LAPTOP-HAB2I6H9" failures="0" tests="1" name="com.actitime.testscript.MainMethodClsPf" time="10.821" errors="0" timestamp="2023-02-08T12:03:07 IST" skipped="0">
  <testcase classname="com.actitime.testscript.MainMethodClsPf" name="validLogin" time="10.821"/>
  <system-out/>
</testsuite> <!-- com.actitime.testscript.MainMethodClsPf -->
