<?xml version="1.0" encoding="UTF-8"?>
<!-- Generated by org.testng.reporters.JUnitReportReporter -->
<testsuite hostname="LAPTOP-HAB2I6H9" failures="0" tests="4" name="com.actitime.testscript.CustomerModule2" time="0.009" errors="0" timestamp="2023-01-31T15:52:53 IST" skipped="0">
  <testcase classname="com.actitime.testscript.CustomerModule2" name="registerCustomer" time="0.002"/>
  <system-out>
    <![CDATA[registerCustomer]]>
  </system-out>
  <testcase classname="com.actitime.testscript.CustomerModule2" name="deleteCustomer" time="0.002"/>
  <system-out>
    <![CDATA[deleteCustomer]]>
  </system-out>
  <testcase classname="com.actitime.testscript.CustomerModule2" name="editCustomer" time="0.003"/>
  <system-out>
    <![CDATA[editCustomer]]>
  </system-out>
  <testcase classname="com.actitime.testscript.CustomerModule2" name="editCustomer" time="0.002"/>
  <system-out>
    <![CDATA[editCustomer]]>
  </system-out>
</testsuite> <!-- com.actitime.testscript.CustomerModule2 -->
