<?xml version="1.0" encoding="UTF-8"?>
<!-- Generated by org.testng.reporters.JUnitReportReporter -->
<testsuite hostname="LAPTOP-HAB2I6H9" failures="0" tests="1" name="com.actitime.testscript.TestMethodCls" time="10.840" errors="0" timestamp="2023-02-07T20:08:20 IST" skipped="0">
  <testcase classname="com.actitime.testscript.TestMethodCls" name="validLogin" time="10.840"/>
  <system-out/>
</testsuite> <!-- com.actitime.testscript.TestMethodCls -->
