<?xml version="1.0" encoding="UTF-8"?>
<!-- Generated by org.testng.reporters.JUnitReportReporter -->
<testsuite hostname="LAPTOP-HAB2I6H9" failures="0" tests="1" name="com.actitime.testscript.DemoScreenshot" time="3.301" errors="0" timestamp="2023-02-01T10:43:07 IST" skipped="0">
  <testcase classname="com.actitime.testscript.DemoScreenshot" name="screenShot" time="3.301"/>
  <system-out/>
</testsuite> <!-- com.actitime.testscript.DemoScreenshot -->
