<?xml version="1.0" encoding="UTF-8"?>
<!-- Generated by org.testng.reporters.JUnitReportReporter -->
<testsuite hostname="LAPTOP-HAB2I6H9" failures="0" tests="3" name="com.actitime.testscript.ProjectModule" time="0.026" errors="0" timestamp="2023-01-31T15:52:53 IST" skipped="0">
  <testcase classname="com.actitime.testscript.ProjectModule" name="modifyProject" time="0.003"/>
  <system-out>
    <![CDATA[modifyProject]]>
  </system-out>
  <testcase classname="com.actitime.testscript.ProjectModule" name="deleteProject" time="0.004"/>
  <system-out>
    <![CDATA[deleteProject]]>
  </system-out>
  <testcase classname="com.actitime.testscript.ProjectModule" name="createProject" time="0.019"/>
  <system-out>
    <![CDATA[createProject]]>
  </system-out>
</testsuite> <!-- com.actitime.testscript.ProjectModule -->
